[debug] [2026-03-18T22:30:17.733Z] ----------------------------------------------------------------------
[debug] [2026-03-18T22:30:17.734Z] Command:       /opt/homebrew/Cellar/node/24.8.0/bin/node /Users/zphrs/Library/pnpm/global/5/node_modules/firebase-tools/lib/bin/firebase.js deploy
[debug] [2026-03-18T22:30:17.734Z] CLI Version:   14.3.1
[debug] [2026-03-18T22:30:17.734Z] Platform:      darwin
[debug] [2026-03-18T22:30:17.734Z] Node Version:  v24.8.0
[debug] [2026-03-18T22:30:17.734Z] Time:          Wed Mar 18 2026 15:30:17 GMT-0700 (Pacific Daylight Time)
[debug] [2026-03-18T22:30:17.734Z] ----------------------------------------------------------------------
[debug] 
[debug] [2026-03-18T22:30:17.798Z] > command requires scopes: ["email","openid","https://www.googleapis.com/auth/cloudplatformprojects.readonly","https://www.googleapis.com/auth/firebase","https://www.googleapis.com/auth/cloud-platform"]
[debug] [2026-03-18T22:30:17.798Z] > authorizing via signed-in user (z@zephiris.dev)
[debug] [2026-03-18T22:30:17.798Z] [iam] checking project zephirisme for permissions ["firebase.projects.get","firebasehosting.sites.update"]
[debug] [2026-03-18T22:30:17.799Z] Checked if tokens are valid: false, expires at: 1753211837284
[debug] [2026-03-18T22:30:17.799Z] Checked if tokens are valid: false, expires at: 1753211837284
[debug] [2026-03-18T22:30:17.799Z] > refreshing access token with scopes: []
[debug] [2026-03-18T22:30:17.802Z] >>> [apiv2][query] POST https://www.googleapis.com/oauth2/v3/token [none]
[debug] [2026-03-18T22:30:17.802Z] >>> [apiv2][body] POST https://www.googleapis.com/oauth2/v3/token [omitted]
[debug] [2026-03-18T22:30:17.916Z] <<< [apiv2][status] POST https://www.googleapis.com/oauth2/v3/token 400
[debug] [2026-03-18T22:30:17.916Z] <<< [apiv2][body] POST https://www.googleapis.com/oauth2/v3/token [omitted]
[debug] [2026-03-18T22:30:17.916Z] >>> [apiv2][query] POST https://cloudresourcemanager.googleapis.com/v1/projects/zephirisme:testIamPermissions [none]
[debug] [2026-03-18T22:30:17.916Z] >>> [apiv2][(partial)header] POST https://cloudresourcemanager.googleapis.com/v1/projects/zephirisme:testIamPermissions x-goog-quota-user=projects/zephirisme
[debug] [2026-03-18T22:30:17.916Z] >>> [apiv2][body] POST https://cloudresourcemanager.googleapis.com/v1/projects/zephirisme:testIamPermissions {"permissions":["firebase.projects.get","firebasehosting.sites.update"]}
[debug] [2026-03-18T22:30:18.074Z] <<< [apiv2][status] POST https://cloudresourcemanager.googleapis.com/v1/projects/zephirisme:testIamPermissions 401
[debug] [2026-03-18T22:30:18.074Z] <<< [apiv2][body] POST https://cloudresourcemanager.googleapis.com/v1/projects/zephirisme:testIamPermissions {"error":{"code":401,"message":"Request had invalid authentication credentials. Expected OAuth 2 access token, login cookie or other valid authentication credential. See https://developers.google.com/identity/sign-in/web/devconsole-project.","status":"UNAUTHENTICATED","details":[{"@type":"type.googleapis.com/google.rpc.ErrorInfo","reason":"ACCESS_TOKEN_TYPE_UNSUPPORTED","metadata":{"method":"google.cloudresourcemanager.v1.Projects.TestIamPermissions","service":"cloudresourcemanager.googleapis.com"}}]}}
[debug] [2026-03-18T22:30:18.074Z] Got a 401 Unauthenticated error for a call that required authentication. Refreshing tokens.
[debug] [2026-03-18T22:30:18.074Z] Checked if tokens are valid: false, expires at: 1753211837284
[debug] [2026-03-18T22:30:18.074Z] Checked if tokens are valid: false, expires at: 1753211837284
[debug] [2026-03-18T22:30:18.074Z] > refreshing access token with scopes: []
[debug] [2026-03-18T22:30:18.074Z] >>> [apiv2][query] POST https://www.googleapis.com/oauth2/v3/token [none]
[debug] [2026-03-18T22:30:18.074Z] >>> [apiv2][body] POST https://www.googleapis.com/oauth2/v3/token [omitted]
[debug] [2026-03-18T22:30:18.134Z] <<< [apiv2][status] POST https://www.googleapis.com/oauth2/v3/token 400
[debug] [2026-03-18T22:30:18.134Z] <<< [apiv2][body] POST https://www.googleapis.com/oauth2/v3/token [omitted]
[debug] [2026-03-18T22:30:18.136Z] [iam] error while checking permissions, command may fail: Request to https://cloudresourcemanager.googleapis.com/v1/projects/zephirisme:testIamPermissions had HTTP Error: 401, Request had invalid authentication credentials. Expected OAuth 2 access token, login cookie or other valid authentication credential. See https://developers.google.com/identity/sign-in/web/devconsole-project.
[debug] [2026-03-18T22:30:18.136Z] Checked if tokens are valid: false, expires at: 1753211837284
[debug] [2026-03-18T22:30:18.136Z] Checked if tokens are valid: false, expires at: 1753211837284
[debug] [2026-03-18T22:30:18.136Z] > refreshing access token with scopes: []
[debug] [2026-03-18T22:30:18.136Z] >>> [apiv2][query] POST https://www.googleapis.com/oauth2/v3/token [none]
[debug] [2026-03-18T22:30:18.136Z] >>> [apiv2][body] POST https://www.googleapis.com/oauth2/v3/token [omitted]
[debug] [2026-03-18T22:30:18.207Z] <<< [apiv2][status] POST https://www.googleapis.com/oauth2/v3/token 400
[debug] [2026-03-18T22:30:18.207Z] <<< [apiv2][body] POST https://www.googleapis.com/oauth2/v3/token [omitted]
[debug] [2026-03-18T22:30:18.208Z] >>> [apiv2][query] GET https://firebase.googleapis.com/v1beta1/projects/zephirisme [none]
[debug] [2026-03-18T22:30:18.291Z] <<< [apiv2][status] GET https://firebase.googleapis.com/v1beta1/projects/zephirisme 401
[debug] [2026-03-18T22:30:18.291Z] <<< [apiv2][body] GET https://firebase.googleapis.com/v1beta1/projects/zephirisme {"error":{"code":401,"message":"Request had invalid authentication credentials. Expected OAuth 2 access token, login cookie or other valid authentication credential. See https://developers.google.com/identity/sign-in/web/devconsole-project.","status":"UNAUTHENTICATED"}}
[debug] [2026-03-18T22:30:18.291Z] Got a 401 Unauthenticated error for a call that required authentication. Refreshing tokens.
[debug] [2026-03-18T22:30:18.291Z] Checked if tokens are valid: false, expires at: 1753211837284
[debug] [2026-03-18T22:30:18.291Z] Checked if tokens are valid: false, expires at: 1753211837284
[debug] [2026-03-18T22:30:18.291Z] > refreshing access token with scopes: []
[debug] [2026-03-18T22:30:18.292Z] >>> [apiv2][query] POST https://www.googleapis.com/oauth2/v3/token [none]
[debug] [2026-03-18T22:30:18.292Z] >>> [apiv2][body] POST https://www.googleapis.com/oauth2/v3/token [omitted]
[debug] [2026-03-18T22:30:18.364Z] <<< [apiv2][status] POST https://www.googleapis.com/oauth2/v3/token 400
[debug] [2026-03-18T22:30:18.364Z] <<< [apiv2][body] POST https://www.googleapis.com/oauth2/v3/token [omitted]
[debug] [2026-03-18T22:30:18.365Z] Request to https://firebase.googleapis.com/v1beta1/projects/zephirisme had HTTP Error: 401, Request had invalid authentication credentials. Expected OAuth 2 access token, login cookie or other valid authentication credential. See https://developers.google.com/identity/sign-in/web/devconsole-project.
[error] 
[error] Error: Assertion failed: resolving hosting target of a site with no site name or target name. This should have caused an error earlier
